SF:lib/src/open_meteo_api_client.dart
DA:15,2
DA:22,1
DA:23,1
DA:26,1
DA:29,2
DA:30,2
DA:31,1
DA:34,2
DA:35,2
DA:37,1
DA:39,2
DA:41,2
DA:44,1
DA:48,1
DA:51,3
DA:54,2
DA:55,2
DA:56,1
DA:59,2
DA:60,1
DA:61,1
DA:64,1
DA:65,1
LF:23
LH:23
end_of_record
SF:lib/src/models/location.dart
DA:12,2
DA:19,4
LF:2
LH:2
end_of_record
SF:lib/src/models/location.g.dart
DA:11,4
DA:14,2
DA:15,2
DA:16,6
DA:17,4
DA:18,6
DA:19,6
LF:7
LH:7
end_of_record
SF:lib/src/models/weather.dart
DA:7,2
DA:9,2
DA:10,2
LF:3
LH:3
end_of_record
SF:lib/src/models/weather.g.dart
DA:11,4
DA:14,2
DA:15,2
DA:17,6
DA:19,6
LF:5
LH:5
end_of_record
